<?xml version="1.0" encoding="UTF-8"?>
<!-- Generated by org.testng.reporters.JUnitReportReporter -->
<testsuite hostname="DESKTOP-O8NFI4N" failures="0" tests="1" name="Test.TestCases" time="96.808" errors="0" timestamp="2023-01-02T20:39:45 IST" skipped="0">
  <testcase classname="Test.TestCases" name="HomePage" time="96.808"/>
  <system-out/>
</testsuite> <!-- Test.TestCases -->
